--- Startup times for process: Primary (or UI client) ---

times in msec
 clock   self+sourced   self:  sourced script
 clock   elapsed:              other lines

000.007  000.007: --- NVIM STARTING ---
000.063  000.056: event init
000.212  000.149: early init
022.130  021.918: locale set
022.184  000.054: init first window
023.054  000.870: inits 1
023.081  000.027: window checked
023.090  000.009: parsing arguments
024.308  000.570  000.570: require('vim._core.shared')
025.170  000.006  000.006: require('string.buffer')
025.206  000.259  000.253: require('vim.inspect')
025.577  000.356  000.356: require('vim._core.options')
025.583  001.266  000.650: require('vim._core.editor')
025.783  000.195  000.195: require('vim._core.system')
025.788  002.170  000.140: require('vim._init_packages')
025.796  000.536: init lua interpreter
045.642  019.846: nvim_ui_attach
046.097  000.455: nvim_set_client_info
046.111  000.013: --- NVIM STARTED ---

--- Startup times for process: Embedded ---

times in msec
 clock   self+sourced   self:  sourced script
 clock   elapsed:              other lines

000.007  000.007: --- NVIM STARTING ---
000.055  000.048: event init
000.182  000.127: early init
022.883  022.700: locale set
022.943  000.060: init first window
023.672  000.730: inits 1
023.696  000.023: window checked
023.703  000.007: parsing arguments
024.910  000.585  000.585: require('vim._core.shared')
025.833  000.006  000.006: require('string.buffer')
025.869  000.303  000.296: require('vim.inspect')
026.169  000.289  000.289: require('vim._core.options')
026.174  001.256  000.664: require('vim._core.editor')
026.365  000.186  000.186: require('vim._core.system')
026.369  002.145  000.118: require('vim._init_packages')
026.377  000.529: init lua interpreter
061.236  034.858: expanding arguments
061.270  000.034: inits 2
061.664  000.394: init highlight
061.668  000.004: waiting for UI
061.756  000.088: done waiting for UI
061.787  000.031: clear screen
062.644  000.052  000.052: require('vim.keymap')
063.464  000.202  000.202: sourcing nvim_exec2()
063.539  000.028  000.028: require('vim._core.log')
068.257  006.462  006.179: require('vim._core.defaults')
068.268  000.019: init default mappings & autocommands
069.686  000.133  000.133: sourcing C:\Users\awall\scoop\apps\neovim\current\share\nvim\runtime\ftplugin.vim
070.058  000.074  000.074: sourcing C:\Users\awall\scoop\apps\neovim\current\share\nvim\runtime\indent.vim
115.921  016.880  016.880: require('configs.lazy')
116.401  000.461  000.461: require('lazy')
116.478  000.052  000.052: require('ffi')
117.851  000.806  000.806: require('vim.fs')
118.427  000.561  000.561: require('vim.uri')
118.463  001.974  000.607: require('vim.loader')
119.151  000.631  000.631: require('lazy.stats')
119.743  000.292  000.292: require('lazy.core.util')
120.127  000.371  000.371: require('lazy.core.config')
120.836  000.334  000.334: require('lazy.core.handler')
121.654  000.234  000.234: require('lazy.pkg')
121.664  000.514  000.281: require('lazy.core.meta')
121.676  000.829  000.315: require('lazy.core.plugin')
121.687  001.554  000.390: require('lazy.core.loader')
122.808  000.220  000.220: require('lazy.core.fragments')
127.952  000.238  000.238: require('configs.conform')
135.058  000.247  000.247: require('lazy.core.handler.event')
135.069  000.484  000.236: require('lazy.core.handler.ft')
135.329  000.252  000.252: require('lazy.core.handler.keys')
135.593  000.256  000.256: require('lazy.core.handler.cmd')
136.381  000.010  000.010: sourcing nvim_exec2() called at C:\Users\awall\AppData\Local\nvim\init.lua:0
136.432  000.003  000.003: sourcing nvim_exec2() called at C:\Users\awall\AppData\Local\nvim\init.lua:0
136.483  000.002  000.002: sourcing nvim_exec2() called at C:\Users\awall\AppData\Local\nvim\init.lua:0
136.522  000.002  000.002: sourcing nvim_exec2() called at C:\Users\awall\AppData\Local\nvim\init.lua:0
136.853  000.003  000.003: sourcing nvim_exec2() called at C:\Users\awall\AppData\Local\nvim\init.lua:0
136.894  000.002  000.002: sourcing nvim_exec2() called at C:\Users\awall\AppData\Local\nvim\init.lua:0
139.874  000.529  000.529: sourcing C:\Users\awall\scoop\apps\neovim\current\share/nvim/runtime/filetype.lua
139.925  000.995  000.466: sourcing nvim_exec2() called at C:\Users\awall\AppData\Local\nvim\init.lua:0
140.248  000.007  000.007: sourcing nvim_exec2() called at C:\Users\awall\AppData\Local\nvim\init.lua:0
140.282  000.002  000.002: sourcing nvim_exec2() called at C:\Users\awall\AppData\Local\nvim\init.lua:0
140.980  000.004  000.004: sourcing nvim_exec2() called at C:\Users\awall\AppData\Local\nvim\init.lua:0
141.012  000.002  000.002: sourcing nvim_exec2() called at C:\Users\awall\AppData\Local\nvim\init.lua:0
143.018  000.359  000.359: require('chadrc')
143.524  001.388  001.028: require('nvconfig')
143.885  000.341  000.341: require('nvchad.stl.utils')
144.241  000.328  000.328: require('nvchad.tabufline.lazyload')
144.256  003.237  001.181: require('nvchad')
145.184  000.261  000.261: sourcing C:\Users\awall\scoop\apps\neovim\current\share/nvim/runtime/plugin/matchparen.vim
145.204  000.556  000.295: sourcing nvim_exec2() called at C:\Users\awall\AppData\Local\nvim\init.lua:0
145.738  000.244  000.244: sourcing C:\Users\awall\scoop\apps\neovim\current\share/nvim/runtime/plugin/net.lua
145.763  000.512  000.267: sourcing nvim_exec2() called at C:\Users\awall\AppData\Local\nvim\init.lua:0
146.166  000.178  000.178: sourcing C:\Users\awall\scoop\apps\neovim\current\share/nvim/runtime/plugin/osc52.lua
146.190  000.414  000.235: sourcing nvim_exec2() called at C:\Users\awall\AppData\Local\nvim\init.lua:0
168.388  000.832  000.832: require('nvchad.options')
168.742  021.675  020.843: require('options')
169.430  000.396  000.396: require('nvchad.autocmds')
169.632  000.883  000.487: require('autocmds')
169.653  071.052  019.077: sourcing C:\Users\awall\AppData\Local\nvim\init.lua
169.764  030.237: sourcing vimrc file(s)
170.803  000.291  000.291: sourcing C:\Users\awall\scoop\apps\neovim\current\share\nvim\runtime\filetype.lua
172.219  000.127  000.127: sourcing C:\Users\awall\scoop\apps\neovim\current\share\nvim\runtime\syntax\synload.vim
172.417  000.705  000.577: sourcing C:\Users\awall\scoop\apps\neovim\current\share/nvim/runtime/syntax/syntax.vim
172.458  001.698: inits 3
172.462  000.004: reading ShaDa
172.790  000.329: reading stdin
172.798  000.007: opening buffers
172.836  000.038: BufEnter autocommands
172.840  000.005: editing files in windows
172.854  000.014: --- NVIM STARTED ---

